<?xml version="1.0" encoding="UTF-8"?>
<!-- Generated by org.testng.reporters.JUnitReportReporter -->
<testsuite skipped="0" hostname="LAPTOP-PER5DOON" name="TestNGBasic.Step6DataProvider" tests="3" failures="0" timestamp="2020-06-15T00:40:05 BST" time="0.003" errors="0">
  <testcase name="setData" time="0.001" classname="TestNGBasic.Step6DataProvider"/>
  <system-out/>
  <testcase name="setData" time="0.000" classname="TestNGBasic.Step6DataProvider"/>
  <system-out/>
  <testcase name="setData" time="0.002" classname="TestNGBasic.Step6DataProvider"/>
  <system-out/>
</testsuite> <!-- TestNGBasic.Step6DataProvider -->
