<?xml version="1.0" encoding="UTF-8"?>
<!-- Generated by org.testng.reporters.JUnitReportReporter -->
<testsuite skipped="1" hostname="LAPTOP-PER5DOON" name="TestNGBasic.Step5MobileTest" tests="10" failures="0" timestamp="2020-06-15T00:40:05 BST" time="0.037" errors="0">
  <testcase name="mobileGallery" time="0.002" classname="TestNGBasic.Step5MobileTest"/>
  <system-out/>
  <testcase name="facebookLogin" time="0.006" classname="TestNGBasic.Step5MobileTest"/>
  <system-out/>
  <testcase name="mobileCamera" time="0.022" classname="TestNGBasic.Step5MobileTest"/>
  <system-out/>
  <testcase name="instaLogin" time="0.001" classname="TestNGBasic.Step5MobileTest"/>
  <system-out/>
  <testcase name="mobileName" time="0.002" classname="TestNGBasic.Step5MobileTest"/>
  <system-out/>
  <testcase name="mobileLogin" time="0.000" classname="TestNGBasic.Step5MobileTest"/>
  <system-out/>
  <testcase name="mobileApp" time="0.003" classname="TestNGBasic.Step5MobileTest"/>
  <system-out/>
  <testcase name="mobileFilemanager" time="0.001" classname="TestNGBasic.Step5MobileTest"/>
  <system-out/>
  <testcase name="mobileRegister" time="0.000" classname="TestNGBasic.Step5MobileTest"/>
  <system-out/>
  <testcase name="whattsappLogin" classname="TestNGBasic.Step5MobileTest">
    <skipped/>
  </testcase> <!-- whattsappLogin -->
  <system-out/>
</testsuite> <!-- TestNGBasic.Step5MobileTest -->
