<?xml version="1.0" encoding="UTF-8"?>
<!-- Generated by org.testng.reporters.JUnitReportReporter -->
<testsuite skipped="0" hostname="LAPTOP-PER5DOON" name="TestNGBasic.Step2Loan" tests="1" failures="0" timestamp="2020-06-15T00:40:05 BST" time="0.001" errors="0">
  <testcase name="ploan" time="0.001" classname="TestNGBasic.Step2Loan"/>
  <system-out/>
</testsuite> <!-- TestNGBasic.Step2Loan -->
