<?xml version="1.0" encoding="UTF-8"?>
<!-- Generated by org.testng.reporters.JUnitReportReporter -->
<testsuite skipped="0" hostname="LAPTOP-PER5DOON" name="TestNGBasic.Step3CarLoan" tests="3" failures="0" timestamp="2020-06-15T00:40:05 BST" time="0.004" errors="0">
  <testcase name="webCarLoan" time="0.002" classname="TestNGBasic.Step3CarLoan"/>
  <system-out/>
  <testcase name="mobileCarLoan" time="0.000" classname="TestNGBasic.Step3CarLoan"/>
  <system-out/>
  <testcase name="apiCarloan" time="0.002" classname="TestNGBasic.Step3CarLoan"/>
  <system-out/>
</testsuite> <!-- TestNGBasic.Step3CarLoan -->
