<?xml version="1.0" encoding="UTF-8"?>
<!-- Generated by org.testng.reporters.JUnitReportReporter -->
<testsuite skipped="0" hostname="LAPTOP-PER5DOON" name="TestNGBasic.Step1TestNG" tests="2" failures="0" timestamp="2020-06-15T00:40:05 BST" time="0.004" errors="0">
  <testcase name="secondTest" time="0.002" classname="TestNGBasic.Step1TestNG"/>
  <system-out/>
  <testcase name="firstTestNG" time="0.002" classname="TestNGBasic.Step1TestNG"/>
  <system-out/>
</testsuite> <!-- TestNGBasic.Step1TestNG -->
